.........
----------------------------------------------------------------------
Ran 9 tests in 0.209s

OK
Name                                                                    Stmts   Miss  Cover   Missing
-----------------------------------------------------------------------------------------------------
models.py                                                                  38      0   100%
test.py                                                                    88      0   100%
-----------------------------------------------------------------------------------------------------
TOTAL                                                                     126      0   100%
